<?xml version="1.0" encoding="UTF-8"?>
<testsuite xmlns:xsi="http://www.w3.org/2001/XMLSchema-instance" xsi:noNamespaceSchemaLocation="https://maven.apache.org/surefire/maven-surefire-plugin/xsd/surefire-test-report-3.0.xsd" version="3.0" name="com.comeon.gamecounter.core.controller.CoreControllerTest" time="5.486" tests="2" errors="0" skipped="0" failures="0">
  <properties>
[...]
</properties>
  <testcase name="testHit" classname="com.comeon.gamecounter.core.controller.CoreControllerTest" time="0.849">
    <system-out><![CDATA[03:14:20.504 [main] DEBUG org.springframework.test.context.BootstrapUtils - Instantiating CacheAwareContextLoaderDelegate from class [org.springframework.test.context.cache.DefaultCacheAwareContextLoaderDelegate]
03:14:20.512 [main] DEBUG org.springframework.test.context.BootstrapUtils - Instantiating BootstrapContext using constructor [public org.springframework.test.context.support.DefaultBootstrapContext(java.lang.Class,org.springframework.test.context.CacheAwareContextLoaderDelegate)]
03:14:20.544 [main] DEBUG org.springframework.test.context.BootstrapUtils - Instantiating TestContextBootstrapper for test class [com.comeon.gamecounter.core.controller.CoreControllerTest] from class [org.springframework.boot.test.context.SpringBootTestContextBootstrapper]
03:14:20.552 [main] INFO org.springframework.boot.test.context.SpringBootTestContextBootstrapper - Neither @ContextConfiguration nor @ContextHierarchy found for test class [com.comeon.gamecounter.core.controller.CoreControllerTest], using SpringBootContextLoader
03:14:20.555 [main] DEBUG org.springframework.test.context.support.AbstractContextLoader - Did not detect default resource location for test class [com.comeon.gamecounter.core.controller.CoreControllerTest]: class path resource [com/comeon/gamecounter/core/controller/CoreControllerTest-context.xml] does not exist
03:14:20.555 [main] DEBUG org.springframework.test.context.support.AbstractContextLoader - Did not detect default resource location for test class [com.comeon.gamecounter.core.controller.CoreControllerTest]: class path resource [com/comeon/gamecounter/core/controller/CoreControllerTestContext.groovy] does not exist
03:14:20.555 [main] INFO org.springframework.test.context.support.AbstractContextLoader - Could not detect default resource locations for test class [com.comeon.gamecounter.core.controller.CoreControllerTest]: no resource found for suffixes {-context.xml, Context.groovy}.
03:14:20.608 [main] DEBUG org.springframework.test.context.support.ActiveProfilesUtils - Could not find an 'annotation declaring class' for annotation type [org.springframework.test.context.ActiveProfiles] and class [com.comeon.gamecounter.core.controller.CoreControllerTest]
03:14:20.707 [main] DEBUG org.springframework.boot.test.context.SpringBootTestContextBootstrapper - @TestExecutionListeners is not present for class [com.comeon.gamecounter.core.controller.CoreControllerTest]: using defaults.
03:14:20.707 [main] INFO org.springframework.boot.test.context.SpringBootTestContextBootstrapper - Loaded default TestExecutionListener class names from location [META-INF/spring.factories]: [org.springframework.boot.test.mock.mockito.MockitoTestExecutionListener, org.springframework.boot.test.mock.mockito.ResetMocksTestExecutionListener, org.springframework.boot.test.autoconfigure.restdocs.RestDocsTestExecutionListener, org.springframework.boot.test.autoconfigure.web.client.MockRestServiceServerResetTestExecutionListener, org.springframework.boot.test.autoconfigure.web.servlet.MockMvcPrintOnlyOnFailureTestExecutionListener, org.springframework.boot.test.autoconfigure.web.servlet.WebDriverTestExecutionListener, org.springframework.boot.test.autoconfigure.webservices.client.MockWebServiceServerTestExecutionListener, org.springframework.test.context.web.ServletTestExecutionListener, org.springframework.test.context.support.DirtiesContextBeforeModesTestExecutionListener, org.springframework.test.context.event.ApplicationEventsTestExecutionListener, org.springframework.test.context.support.DependencyInjectionTestExecutionListener, org.springframework.test.context.support.DirtiesContextTestExecutionListener, org.springframework.test.context.transaction.TransactionalTestExecutionListener, org.springframework.test.context.jdbc.SqlScriptsTestExecutionListener, org.springframework.test.context.event.EventPublishingTestExecutionListener]
03:14:20.727 [main] INFO org.springframework.boot.test.context.SpringBootTestContextBootstrapper - Using TestExecutionListeners: [org.springframework.test.context.web.ServletTestExecutionListener@68dc098b, org.springframework.test.context.support.DirtiesContextBeforeModesTestExecutionListener@38ba6ce3, org.springframework.test.context.event.ApplicationEventsTestExecutionListener@d278d2b, org.springframework.boot.test.mock.mockito.MockitoTestExecutionListener@2d6c53fc, org.springframework.boot.test.autoconfigure.SpringBootDependencyInjectionTestExecutionListener@25f4878b, org.springframework.test.context.support.DirtiesContextTestExecutionListener@4e423aa2, org.springframework.test.context.transaction.TransactionalTestExecutionListener@7fbdb894, org.springframework.test.context.jdbc.SqlScriptsTestExecutionListener@3081f72c, org.springframework.test.context.event.EventPublishingTestExecutionListener@3148f668, org.springframework.boot.test.mock.mockito.ResetMocksTestExecutionListener@6e005dc9, org.springframework.boot.test.autoconfigure.restdocs.RestDocsTestExecutionListener@7ceb3185, org.springframework.boot.test.autoconfigure.web.client.MockRestServiceServerResetTestExecutionListener@436c81a3, org.springframework.boot.test.autoconfigure.web.servlet.MockMvcPrintOnlyOnFailureTestExecutionListener@3561c410, org.springframework.boot.test.autoconfigure.web.servlet.WebDriverTestExecutionListener@59e32960, org.springframework.boot.test.autoconfigure.webservices.client.MockWebServiceServerTestExecutionListener@7c214cc0]
03:14:20.732 [main] DEBUG org.springframework.test.context.support.AbstractDirtiesContextTestExecutionListener - Before test class: context [DefaultTestContext@3af0a9da testClass = CoreControllerTest, testInstance = [null], testMethod = [null], testException = [null], mergedContextConfiguration = [WebMergedContextConfiguration@43b9fd5 testClass = CoreControllerTest, locations = '{}', classes = '{class com.comeon.gamecounter.core.CoreServerApplication}', contextInitializerClasses = '[]', activeProfiles = '{}', propertySourceLocations = '{}', propertySourceProperties = '{org.springframework.boot.test.context.SpringBootTestContextBootstrapper=true, server.port=0}', contextCustomizers = set[[ImportsContextCustomizer@79dc5318 key = [org.springframework.boot.test.autoconfigure.jdbc.TestDatabaseAutoConfiguration, org.springframework.boot.autoconfigure.jdbc.DataSourceAutoConfiguration]], org.springframework.boot.test.context.filter.ExcludeFilterContextCustomizer@12aba8be, org.springframework.boot.test.json.DuplicateJsonObjectContextCustomizerFactory$DuplicateJsonObjectContextCustomizer@6253c26, org.springframework.boot.test.mock.mockito.MockitoContextCustomizer@0, org.springframework.boot.test.web.client.TestRestTemplateContextCustomizer@6bd61f98, org.springframework.boot.test.autoconfigure.actuate.metrics.MetricsExportContextCustomizerFactory$DisableMetricExportContextCustomizer@7db12bb6, org.springframework.boot.test.autoconfigure.properties.PropertyMappingContextCustomizer@eaee52dd, org.springframework.boot.test.autoconfigure.web.servlet.WebDriverContextCustomizerFactory$Customizer@3012646b, org.springframework.boot.test.context.SpringBootTestArgs@1, org.springframework.boot.test.context.SpringBootTestWebEnvironment@6121c9d6], resourceBasePath = 'src/main/webapp', contextLoader = 'org.springframework.boot.test.context.SpringBootContextLoader', parent = [null]], attributes = map['org.springframework.test.context.web.ServletTestExecutionListener.activateListener' -> false]], class annotated with @DirtiesContext [false] with mode [null].
03:14:20.742 [main] DEBUG org.springframework.test.context.support.DependencyInjectionTestExecutionListener - Performing dependency injection for test context [[DefaultTestContext@3af0a9da testClass = CoreControllerTest, testInstance = com.comeon.gamecounter.core.controller.CoreControllerTest@1b75c2e3, testMethod = [null], testException = [null], mergedContextConfiguration = [WebMergedContextConfiguration@43b9fd5 testClass = CoreControllerTest, locations = '{}', classes = '{class com.comeon.gamecounter.core.CoreServerApplication}', contextInitializerClasses = '[]', activeProfiles = '{}', propertySourceLocations = '{}', propertySourceProperties = '{org.springframework.boot.test.context.SpringBootTestContextBootstrapper=true, server.port=0}', contextCustomizers = set[[ImportsContextCustomizer@79dc5318 key = [org.springframework.boot.test.autoconfigure.jdbc.TestDatabaseAutoConfiguration, org.springframework.boot.autoconfigure.jdbc.DataSourceAutoConfiguration]], org.springframework.boot.test.context.filter.ExcludeFilterContextCustomizer@12aba8be, org.springframework.boot.test.json.DuplicateJsonObjectContextCustomizerFactory$DuplicateJsonObjectContextCustomizer@6253c26, org.springframework.boot.test.mock.mockito.MockitoContextCustomizer@0, org.springframework.boot.test.web.client.TestRestTemplateContextCustomizer@6bd61f98, org.springframework.boot.test.autoconfigure.actuate.metrics.MetricsExportContextCustomizerFactory$DisableMetricExportContextCustomizer@7db12bb6, org.springframework.boot.test.autoconfigure.properties.PropertyMappingContextCustomizer@eaee52dd, org.springframework.boot.test.autoconfigure.web.servlet.WebDriverContextCustomizerFactory$Customizer@3012646b, org.springframework.boot.test.context.SpringBootTestArgs@1, org.springframework.boot.test.context.SpringBootTestWebEnvironment@6121c9d6], resourceBasePath = 'src/main/webapp', contextLoader = 'org.springframework.boot.test.context.SpringBootContextLoader', parent = [null]], attributes = map['org.springframework.test.context.web.ServletTestExecutionListener.activateListener' -> false, 'org.springframework.test.context.event.ApplicationEventsTestExecutionListener.recordApplicationEvents' -> false]]].
03:14:20.764 [main] DEBUG org.springframework.test.context.support.TestPropertySourceUtils - Adding inlined properties to environment: {spring.jmx.enabled=false, org.springframework.boot.test.context.SpringBootTestContextBootstrapper=true, server.port=0}

  .   ____          _            __ _ _
 /\\ / ___'_ __ _ _(_)_ __  __ _ \ \ \ \
( ( )\___ | '_ | '_| | '_ \/ _` | \ \ \ \
 \\/  ___)| |_)| | | | | || (_| |  ) ) ) )
  '  |____| .__|_| |_|_| |_\__, | / / / /
 =========|_|==============|___/=/_/_/_/
 :: Spring Boot ::                (v2.5.5)

2025-06-14 03:14:21.215  INFO 87439 --- [           main] c.c.g.c.controller.CoreControllerTest    : Starting CoreControllerTest using Java 17.0.11 on MacEnvironment-2.local with PID 87439 (started by xiaolin in /Users/xiaolin/IdeaProjects/game-counter/game-counter-core)
2025-06-14 03:14:21.219  INFO 87439 --- [           main] c.c.g.c.controller.CoreControllerTest    : No active profile set, falling back to default profiles: default
2025-06-14 03:14:21.863  INFO 87439 --- [           main] .s.d.r.c.RepositoryConfigurationDelegate : Bootstrapping Spring Data JPA repositories in DEFAULT mode.
2025-06-14 03:14:21.912  INFO 87439 --- [           main] .s.d.r.c.RepositoryConfigurationDelegate : Finished Spring Data repository scanning in 43 ms. Found 2 JPA repository interfaces.
2025-06-14 03:14:22.007  INFO 87439 --- [           main] beddedDataSourceBeanFactoryPostProcessor : Replacing 'dataSource' DataSource bean with embedded version
2025-06-14 03:14:22.525  INFO 87439 --- [           main] o.s.b.w.embedded.tomcat.TomcatWebServer  : Tomcat initialized with port(s): 0 (http)
2025-06-14 03:14:22.533  INFO 87439 --- [           main] o.apache.catalina.core.StandardService   : Starting service [Tomcat]
2025-06-14 03:14:22.534  INFO 87439 --- [           main] org.apache.catalina.core.StandardEngine  : Starting Servlet engine: [Apache Tomcat/9.0.53]
2025-06-14 03:14:22.620  INFO 87439 --- [           main] o.a.c.c.C.[.[localhost].[/comeon/core]   : Initializing Spring embedded WebApplicationContext
2025-06-14 03:14:22.620  INFO 87439 --- [           main] w.s.c.ServletWebServerApplicationContext : Root WebApplicationContext: initialization completed in 1384 ms
2025-06-14 03:14:22.644  INFO 87439 --- [           main] o.s.j.d.e.EmbeddedDatabaseFactory        : Starting embedded database: url='jdbc:h2:mem:3ddd91f3-e766-403f-8cb3-a275fd1beae8;DB_CLOSE_DELAY=-1;DB_CLOSE_ON_EXIT=false', username='sa'
2025-06-14 03:14:22.790  INFO 87439 --- [           main] o.s.b.a.h2.H2ConsoleAutoConfiguration    : H2 console available at '/h2-console'. Database available at 'jdbc:h2:mem:3ddd91f3-e766-403f-8cb3-a275fd1beae8'
2025-06-14 03:14:22.972  INFO 87439 --- [           main] o.hibernate.jpa.internal.util.LogHelper  : HHH000204: Processing PersistenceUnitInfo [name: default]
2025-06-14 03:14:23.022  INFO 87439 --- [           main] org.hibernate.Version                    : HHH000412: Hibernate ORM core version 5.4.32.Final
2025-06-14 03:14:23.126  INFO 87439 --- [           main] o.hibernate.annotations.common.Version   : HCANN000001: Hibernate Commons Annotations {5.1.2.Final}
2025-06-14 03:14:23.222  INFO 87439 --- [           main] org.hibernate.dialect.Dialect            : HHH000400: Using dialect: org.hibernate.dialect.H2Dialect
Hibernate: create table games (game_code varchar(255) not null, create_time bigint not null, hits integer not null, update_time bigint not null, primary key (game_code))
Hibernate: create table players (player_id bigint generated by default as identity, create_time bigint not null, password varchar(255) not null, update_time bigint not null, primary key (player_id))
2025-06-14 03:14:23.808  INFO 87439 --- [           main] o.h.e.t.j.p.i.JtaPlatformInitiator       : HHH000490: Using JtaPlatform implementation: [org.hibernate.engine.transaction.jta.platform.internal.NoJtaPlatform]
2025-06-14 03:14:23.814  INFO 87439 --- [           main] j.LocalContainerEntityManagerFactoryBean : Initialized JPA EntityManagerFactory for persistence unit 'default'
2025-06-14 03:14:24.265  WARN 87439 --- [           main] JpaBaseConfiguration$JpaWebConfiguration : spring.jpa.open-in-view is enabled by default. Therefore, database queries may be performed during view rendering. Explicitly configure spring.jpa.open-in-view to disable this warning
2025-06-14 03:14:24.805  INFO 87439 --- [           main] o.s.b.w.embedded.tomcat.TomcatWebServer  : Tomcat started on port(s): 52019 (http) with context path '/comeon/core'
2025-06-14 03:14:24.815  INFO 87439 --- [           main] c.c.g.c.controller.CoreControllerTest    : Started CoreControllerTest in 4.049 seconds (JVM running for 4.931)
Hibernate: select game0_.game_code as game_cod1_0_0_, game0_.create_time as create_t2_0_0_, game0_.hits as hits3_0_0_, game0_.update_time as update_t4_0_0_ from games game0_ where game0_.game_code=?
Hibernate: select game0_.game_code as game_cod1_0_0_, game0_.create_time as create_t2_0_0_, game0_.hits as hits3_0_0_, game0_.update_time as update_t4_0_0_ from games game0_ where game0_.game_code=?
Hibernate: insert into games (create_time, hits, update_time, game_code) values (?, ?, ?, ?)
Hibernate: select game0_.game_code as game_cod1_0_0_, game0_.create_time as create_t2_0_0_, game0_.hits as hits3_0_0_, game0_.update_time as update_t4_0_0_ from games game0_ where game0_.game_code=?
Hibernate: select game0_.game_code as game_cod1_0_0_, game0_.create_time as create_t2_0_0_, game0_.hits as hits3_0_0_, game0_.update_time as update_t4_0_0_ from games game0_ where game0_.game_code=?
Hibernate: insert into games (create_time, hits, update_time, game_code) values (?, ?, ?, ?)
Hibernate: select game0_.game_code as game_cod1_0_0_, game0_.create_time as create_t2_0_0_, game0_.hits as hits3_0_0_, game0_.update_time as update_t4_0_0_ from games game0_ where game0_.game_code=?
Hibernate: select game0_.game_code as game_cod1_0_0_, game0_.create_time as create_t2_0_0_, game0_.hits as hits3_0_0_, game0_.update_time as update_t4_0_0_ from games game0_ where game0_.game_code=?
Hibernate: insert into games (create_time, hits, update_time, game_code) values (?, ?, ?, ?)
Hibernate: select game0_.game_code as game_cod1_0_0_, game0_.create_time as create_t2_0_0_, game0_.hits as hits3_0_0_, game0_.update_time as update_t4_0_0_ from games game0_ where game0_.game_code=?
Hibernate: select game0_.game_code as game_cod1_0_0_, game0_.create_time as create_t2_0_0_, game0_.hits as hits3_0_0_, game0_.update_time as update_t4_0_0_ from games game0_ where game0_.game_code=?
Hibernate: insert into games (create_time, hits, update_time, game_code) values (?, ?, ?, ?)
Hibernate: select count(*) as col_0_0_ from players player0_
Hibernate: insert into players (player_id, create_time, password, update_time) values (null, ?, ?, ?)
Hibernate: insert into players (player_id, create_time, password, update_time) values (null, ?, ?, ?)
Hibernate: insert into players (player_id, create_time, password, update_time) values (null, ?, ?, ?)
Default players inserted.
2025-06-14 03:14:25.217  INFO 87439 --- [o-auto-1-exec-1] o.a.c.c.C.[.[localhost].[/comeon/core]   : Initializing Spring DispatcherServlet 'dispatcherServlet'
2025-06-14 03:14:25.217  INFO 87439 --- [o-auto-1-exec-1] o.s.web.servlet.DispatcherServlet        : Initializing Servlet 'dispatcherServlet'
2025-06-14 03:14:25.218  INFO 87439 --- [o-auto-1-exec-1] o.s.web.servlet.DispatcherServlet        : Completed initialization in 1 ms
Hibernate: insert into players (player_id, create_time, password, update_time) values (null, ?, ?, ?)
Hibernate: select player0_.player_id as player_i1_1_, player0_.create_time as create_t2_1_, player0_.password as password3_1_, player0_.update_time as update_t4_1_ from players player0_ where player0_.player_id=? and player0_.password=?
Hibernate: select game0_.game_code as game_cod1_0_0_, game0_.create_time as create_t2_0_0_, game0_.hits as hits3_0_0_, game0_.update_time as update_t4_0_0_ from games game0_ where game0_.game_code=?
Hibernate: insert into games (create_time, hits, update_time, game_code) values (?, ?, ?, ?)
Hibernate: select game0_.game_code as game_cod1_0_0_, game0_.create_time as create_t2_0_0_, game0_.hits as hits3_0_0_, game0_.update_time as update_t4_0_0_ from games game0_ where game0_.game_code=?
Hibernate: update games set hits=?, update_time=? where game_code=?
Hibernate: select game0_.game_code as game_cod1_0_, game0_.create_time as create_t2_0_, game0_.hits as hits3_0_, game0_.update_time as update_t4_0_ from games game0_
Hibernate: select game0_.game_code as game_cod1_0_, game0_.create_time as create_t2_0_, game0_.hits as hits3_0_, game0_.update_time as update_t4_0_ from games game0_
Hibernate: delete from games where game_code=?
Hibernate: delete from games where game_code=?
Hibernate: delete from games where game_code=?
Hibernate: delete from games where game_code=?
Hibernate: delete from games where game_code=?
Hibernate: select player0_.player_id as player_i1_1_, player0_.create_time as create_t2_1_, player0_.password as password3_1_, player0_.update_time as update_t4_1_ from players player0_
Hibernate: delete from players where player_id=?
Hibernate: delete from players where player_id=?
Hibernate: delete from players where player_id=?
Hibernate: delete from players where player_id=?
]]></system-out>
  </testcase>
  <testcase name="testLogout" classname="com.comeon.gamecounter.core.controller.CoreControllerTest" time="0.044">
    <system-out><![CDATA[Hibernate: insert into players (player_id, create_time, password, update_time) values (null, ?, ?, ?)
Hibernate: select player0_.player_id as player_i1_1_, player0_.create_time as create_t2_1_, player0_.password as password3_1_, player0_.update_time as update_t4_1_ from players player0_ where player0_.player_id=? and player0_.password=?
Hibernate: select game0_.game_code as game_cod1_0_, game0_.create_time as create_t2_0_, game0_.hits as hits3_0_, game0_.update_time as update_t4_0_ from games game0_
Hibernate: select player0_.player_id as player_i1_1_, player0_.create_time as create_t2_1_, player0_.password as password3_1_, player0_.update_time as update_t4_1_ from players player0_
Hibernate: delete from players where player_id=?
]]></system-out>
  </testcase>
</testsuite>